{"timestamp": "2015-07-29T17:42:25.023044Z", "level": "WARN", "node": "SendWorker", "component": "org.apache.zookeeper.server.quorum.QuorumCnxManager$SendWorker", "id": "994", "message": "Auth failure for client 192.168.1.10", "event_id": "E11", "template": "Proposed zxid not increasing <*>"}
{"timestamp": "2015-07-29T17:42:25.995210Z", "level": "INFO", "node": "RecvWorker", "component": "org.apache.zookeeper.server.quorum.QuorumCnxManager$SendWorker", "id": "949", "message": "Watch set on path /app/config", "event_id": "E75", "template": "Initialized data tree <*>"}
{"timestamp": "2015-07-29T17:44:06.739896Z", "level": "INFO", "node": "RecvWorker", "component": "org.apache.zookeeper.server.quorum.LearnerHandler", "id": "849", "message": "Initialized data tree", "event_id": "E39", "template": "Processing client request of type exists <*>"}
{"timestamp": "2015-07-29T17:44:26.922639Z", "level": "INFO", "node": "QuorumPeer[myid=1]/0", "component": "org.apache.zookeeper.server.quorum.QuorumCnxManager$SendWorker", "id": "121", "message": "New session created with session ID 0x0a1b2c", "event_id": "E65", "template": "Connection established to ZooKeeper server <*>"}
{"timestamp": "2015-07-29T17:46:31.744233Z", "level": "WARN", "node": "SendWorker", "component": "org.apache.zookeeper.server.quorum.QuorumCnxManager$RecvWorker", "id": "136", "message": "Leader ping timeout", "event_id": "E77", "template": "Session 0x1a2b3c nearing expiration <*>"}
{"timestamp": "2015-07-29T17:47:05.804438Z", "level": "INFO", "node": "RecvWorker", "component": "org.apache.zookeeper.server.quorum.LearnerHandler", "id": "225", "message": "New session created with session ID 0x0a1b2c", "event_id": "E2", "template": "Syncing data with leader <*>"}
{"timestamp": "2015-07-29T17:47:25.023044Z", "level": "ERROR", "node": "SendWorker", "component": "org.apache.zookeeper.server.quorum.LearnerHandler", "id": "3890", "message": "Failed to write snapshot to disk", "event_id": "E329", "template": "Failed to write snapshot to disk <*>"}
{"timestamp": "2015-07-29T17:47:30.023044Z", "level": "ERROR", "node": "SendWorker", "component": "org.apache.zookeeper.server.quorum.QuorumCnxManager$SendWorker", "id": "3543", "message": "Unexpected exception in LeaderElection: NullPointerException", "event_id": "E343", "template": "Unexpected exception in LeaderElection: NullPointerException <*>"}
{"timestamp": "2015-07-29T17:47:35.023044Z", "level": "ERROR", "node": "QuorumPeer[myid=2]/1", "component": "org.apache.zookeeper.server.quorum.LearnerHandler", "id": "3745", "message": "Failed to write snapshot to disk", "event_id": "E313", "template": "Failed to write snapshot to disk <*>"}
{"timestamp": "2015-07-29T17:47:41.747519Z", "level": "INFO", "node": "SendWorker", "component": "org.apache.zookeeper.server.quorum.QuorumCnxManager$RecvWorker", "id": "112", "message": "Syncing data with leader", "event_id": "E91", "template": "Follower starting handshake with leader <*>"}
{"timestamp": "2015-07-29T17:48:45.657440Z", "level": "WARN", "node": "RecvWorker", "component": "org.apache.zookeeper.server.quorum.QuorumCnxManager$SendWorker", "id": "659", "message": "Too many outstanding requests", "event_id": "E46", "template": "Slow response from leader <*>"}
{"timestamp": "2015-07-29T17:49:49.863297Z", "level": "INFO", "node": "SendWorker", "component": "org.apache.zookeeper.server.quorum.QuorumCnxManager$RecvWorker", "id": "175", "message": "Committed transaction proposal", "event_id": "E92", "template": "Committed transaction proposal <*>"}
{"timestamp": "2015-07-29T17:52:25.023044Z", "level": "CRITICAL", "node": "QuorumPeer[myid=1]/0", "component": "org.apache.zookeeper.server.quorum.QuorumCnxManager$SendWorker", "id": "3297", "message": "Service outage detected", "event_id": "E393", "template": "Service outage detected <*>"}
{"timestamp": "2015-07-29T17:52:26.490279Z", "level": "INFO", "node": "QuorumPeer[myid=2]/1", "component": "org.apache.zookeeper.server.quorum.QuorumCnxManager$SendWorker", "id": "237", "message": "Initialized data tree", "event_id": "E68", "template": "Connection established to ZooKeeper server <*>"}
{"timestamp": "2015-07-29T17:52:33.023044Z", "level": "CRITICAL", "node": "SendWorker", "component": "org.apache.zookeeper.server.quorum.QuorumCnxManager$RecvWorker", "id": "3844", "message": "No quorum of peers available", "event_id": "E377", "template": "No quorum of peers available <*>"}
{"timestamp": "2015-07-29T17:52:41.023044Z", "level": "CRITICAL", "node": "RecvWorker", "component": "org.apache.zookeeper.server.quorum.QuorumCnxManager$SendWorker", "id": "3204", "message": "No quorum of peers available", "event_id": "E337", "template": "No quorum of peers available <*>"}
{"timestamp": "2015-07-29T17:52:51.902036Z", "level": "CRITICAL", "node": "RecvWorker", "component": "org.apache.zookeeper.server.quorum.LearnerHandler", "id": "221", "message": "No quorum of peers available", "event_id": "E87", "template": "Leader election failed to reach quorum <*>"}
{"timestamp": "2015-07-29T17:53:06.304223Z", "level": "INFO", "node": "RecvWorker", "component": "org.apache.zookeeper.server.quorum.QuorumCnxManager$SendWorker", "id": "273", "message": "Syncing data with leader", "event_id": "E24", "template": "Watch set on path /app/config <*>"}
{"timestamp": "2015-07-29T17:53:31.990572Z", "level": "INFO", "node": "SendWorker", "component": "org.apache.zookeeper.server.quorum.LearnerHandler", "id": "450", "message": "Initialized data tree", "event_id": "E1", "template": "New session created with session ID 0x0a1b2c <*>"}
{"timestamp": "2015-07-29T17:53:43.132140Z", "level": "ERROR", "node": "SendWorker", "component": "org.apache.zookeeper.server.quorum.QuorumCnxManager$SendWorker", "id": "735", "message": "Connection reset by peer", "event_id": "E86", "template": "Session expired for client 0x2b3c4d <*>"}
{"timestamp": "2015-07-29T17:55:36.392727Z", "level": "ERROR", "node": "RecvWorker", "component": "org.apache.zookeeper.server.quorum.QuorumCnxManager$RecvWorker", "id": "914", "message": "Session expired for client 0x2b3c4d", "event_id": "E61", "template": "Failed to write snapshot to disk <*>"}
{"timestamp": "2015-07-29T17:56:46.582473Z", "level": "WARN", "node": "SendWorker", "component": "org.apache.zookeeper.server.quorum.LearnerHandler", "id": "804", "message": "Connection to 192.168.1.11 refused, retrying", "event_id": "E67", "template": "Exceeded watch count limit <*>"}
{"timestamp": "2015-07-29T17:57:25.023044Z", "level": "ERROR", "node": "SendWorker", "component": "org.apache.zookeeper.server.quorum.QuorumCnxManager$SendWorker", "id": "3162", "message": "Failed to write snapshot to disk", "event_id": "E315", "template": "Failed to write snapshot to disk <*>"}
{"timestamp": "2015-07-29T17:57:35.023044Z", "level": "ERROR", "node": "RecvWorker", "component": "org.apache.zookeeper.server.quorum.QuorumCnxManager$SendWorker", "id": "3860", "message": "Connection loss to leader", "event_id": "E303", "template": "Connection loss to leader <*>"}
{"timestamp": "2015-07-29T17:57:45.023044Z", "level": "ERROR", "node": "RecvWorker", "component": "org.apache.zookeeper.server.quorum.QuorumCnxManager$RecvWorker", "id": "3342", "message": "Transaction log corrupted", "event_id": "E306", "template": "Transaction log corrupted <*>"}
{"timestamp": "2015-07-29T17:58:45.613074Z", "level": "WARN", "node": "QuorumPeer[myid=1]/0", "component": "org.apache.zookeeper.server.quorum.QuorumCnxManager$SendWorker", "id": "131", "message": "Session 0x1a2b3c nearing expiration", "event_id": "E83", "template": "Session 0x1a2b3c nearing expiration <*>"}
{"timestamp": "2015-07-29T17:58:47.376706Z", "level": "WARN", "node": "SendWorker", "component": "org.apache.zookeeper.server.quorum.QuorumCnxManager$RecvWorker", "id": "343", "message": "Client request queue depth high", "event_id": "E96", "template": "Client request queue depth high <*>"}
{"timestamp": "2015-07-29T17:59:06.705753Z", "level": "INFO", "node": "RecvWorker", "component": "org.apache.zookeeper.server.quorum.QuorumCnxManager$RecvWorker", "id": "768", "message": "Committed transaction proposal", "event_id": "E30", "template": "Syncing data with leader <*>"}
{"timestamp": "2015-07-29T17:59:14.308362Z", "level": "INFO", "node": "SendWorker", "component": "org.apache.zookeeper.server.quorum.LearnerHandler", "id": "280", "message": "Initialized data tree", "event_id": "E54", "template": "Syncing data with leader <*>"}
{"timestamp": "2015-07-29T18:00:45.248111Z", "level": "WARN", "node": "RecvWorker", "component": "org.apache.zookeeper.server.quorum.LearnerHandler", "id": "519", "message": "Fsync delay detected", "event_id": "E84", "template": "Connection to 192.168.1.11 refused, retrying <*>"}
{"timestamp": "2015-07-29T18:01:22.598575Z", "level": "ERROR", "node": "QuorumPeer[myid=2]/1", "component": "org.apache.zookeeper.server.quorum.LearnerHandler", "id": "984", "message": "Unable to recover from snapshot", "event_id": "E68", "template": "Unable to recover from snapshot <*>"}
{"timestamp": "2015-07-29T18:01:24.200511Z", "level": "ERROR", "node": "QuorumPeer[myid=2]/1", "component": "org.apache.zookeeper.server.quorum.QuorumCnxManager$RecvWorker", "id": "969", "message": "Socket exception on port 2181", "event_id": "E7", "template": "Transaction log corrupted <*>"}
{"timestamp": "2015-07-29T18:02:16.868603Z", "level": "WARN", "node": "QuorumPeer[myid=1]/0", "component": "org.apache.zookeeper.server.quorum.QuorumCnxManager$RecvWorker", "id": "161", "message": "Proposed zxid not increasing", "event_id": "E87", "template": "Fsync delay detected <*>"}
{"timestamp": "2015-07-29T18:03:53.993910Z", "level": "WARN", "node": "RecvWorker", "component": "org.apache.zookeeper.server.quorum.LearnerHandler", "id": "191", "message": "Proposed zxid not increasing", "event_id": "E84", "template": "Slow response from leader <*>"}
{"timestamp": "2015-07-29T18:05:43.374678Z", "level": "INFO", "node": "RecvWorker", "component": "org.apache.zookeeper.server.quorum.LearnerHandler", "id": "740", "message": "Initialized data tree", "event_id": "E4", "template": "Syncing data with leader <*>"}
{"timestamp": "2015-07-29T18:05:48.168212Z", "level": "WARN", "node": "RecvWorker", "component": "org.apache.zookeeper.server.quorum.QuorumCnxManager$SendWorker", "id": "506", "message": "Too many outstanding requests", "event_id": "E91", "template": "Auth failure for client 192.168.1.10 <*>"}
{"timestamp": "2015-07-29T18:06:51.820827Z", "level": "ERROR", "node": "QuorumPeer[myid=2]/1", "component": "org.apache.zookeeper.server.quorum.QuorumCnxManager$RecvWorker", "id": "851", "message": "Session expired for client 0x2b3c4d", "event_id": "E1", "template": "Failed to write snapshot to disk <*>"}
{"timestamp": "2015-07-29T18:09:58.201700Z", "level": "WARN", "node": "QuorumPeer[myid=2]/1", "component": "org.apache.zookeeper.server.quorum.QuorumCnxManager$RecvWorker", "id": "314", "message": "Leader ping timeout", "event_id": "E3", "template": "Leader ping timeout <*>"}
{"timestamp": "2015-07-29T18:10:30.455229Z", "level": "INFO", "node": "RecvWorker", "component": "org.apache.zookeeper.server.quorum.LearnerHandler", "id": "464", "message": "Processing client request of type exists", "event_id": "E69", "template": "Committed transaction proposal <*>"}
{"timestamp": "2015-07-29T18:11:15.821491Z", "level": "INFO", "node": "QuorumPeer[myid=1]/0", "component": "org.apache.zookeeper.server.quorum.LearnerHandler", "id": "369", "message": "Connection established to ZooKeeper server", "event_id": "E71", "template": "Committed transaction proposal <*>"}
{"timestamp": "2015-07-29T18:11:58.663305Z", "level": "WARN", "node": "QuorumPeer[myid=1]/0", "component": "org.apache.zookeeper.server.quorum.QuorumCnxManager$SendWorker", "id": "717", "message": "Auth failure for client 192.168.1.10", "event_id": "E26", "template": "Connection to 192.168.1.11 refused, retrying <*>"}
{"timestamp": "2015-07-29T18:13:26.842235Z", "level": "WARN", "node": "RecvWorker", "component": "org.apache.zookeeper.server.quorum.QuorumCnxManager$SendWorker", "id": "434", "message": "Too many outstanding requests", "event_id": "E5", "template": "Client request queue depth high <*>"}
{"timestamp": "2015-07-29T18:13:41.536113Z", "level": "INFO", "node": "QuorumPeer[myid=2]/1", "component": "org.apache.zookeeper.server.quorum.QuorumCnxManager$SendWorker", "id": "128", "message": "Committed transaction proposal", "event_id": "E9", "template": "Follower starting handshake with leader <*>"}
{"timestamp": "2015-07-29T18:13:41.824209Z", "level": "ERROR", "node": "QuorumPeer[myid=2]/1", "component": "org.apache.zookeeper.server.quorum.QuorumCnxManager$RecvWorker", "id": "997", "message": "Client request timed out", "event_id": "E81", "template": "KeeperErrorCode = SESSIONEXPIRED <*>"}
{"timestamp": "2015-07-29T18:16:05.051449Z", "level": "WARN", "node": "QuorumPeer[myid=2]/1", "component": "org.apache.zookeeper.server.quorum.QuorumCnxManager$SendWorker", "id": "111", "message": "Exceeded watch count limit", "event_id": "E45", "template": "Proposed zxid not increasing <*>"}
{"timestamp": "2015-07-29T18:16:42.684742Z", "level": "WARN", "node": "QuorumPeer[myid=2]/1", "component": "org.apache.zookeeper.server.quorum.LearnerHandler", "id": "677", "message": "Connection to 192.168.1.11 refused, retrying", "event_id": "E70", "template": "Slow response from leader <*>"}
{"timestamp": "2015-07-29T18:17:48.187851Z", "level": "INFO", "node": "SendWorker", "component": "org.apache.zookeeper.server.quorum.LearnerHandler", "id": "990", "message": "Watch set on path /app/config", "event_id": "E64", "template": "New session created with session ID 0x0a1b2c <*>"}
{"timestamp": "2015-07-29T18:18:03.295947Z", "level": "INFO", "node": "RecvWorker", "component": "org.apache.zookeeper.server.quorum.QuorumCnxManager$RecvWorker", "id": "685", "message": "Watch set on path /app/config", "event_id": "E38", "template": "Leader accepted connection from follower <*>"}
{"timestamp": "2015-07-29T18:19:08.113574Z", "level": "INFO", "node": "SendWorker", "component": "org.apache.zookeeper.server.quorum.QuorumCnxManager$RecvWorker", "id": "137", "message": "Syncing data with leader", "event_id": "E51", "template": "Committed transaction proposal <*>"}
{"timestamp": "2015-07-29T18:20:12.414342Z", "level": "INFO", "node": "SendWorker", "component": "org.apache.zookeeper.server.quorum.QuorumCnxManager$SendWorker", "id": "682", "message": "Watch set on path /app/config", "event_id": "E37", "template": "Processing client request of type exists <*>"}
{"timestamp": "2015-07-29T18:20:16.115674Z", "level": "WARN", "node": "QuorumPeer[myid=2]/1", "component": "org.apache.zookeeper.server.quorum.QuorumCnxManager$SendWorker", "id": "486", "message": "Exceeded watch count limit", "event_id": "E41", "template": "Connection to 192.168.1.11 refused, retrying <*>"}
{"timestamp": "2015-07-29T18:23:00.569799Z", "level": "ERROR", "node": "QuorumPeer[myid=1]/0", "component": "org.apache.zookeeper.server.quorum.QuorumCnxManager$SendWorker", "id": "402", "message": "Socket exception on port 2181", "event_id": "E74", "template": "Unable to recover from snapshot <*>"}
{"timestamp": "2015-07-29T18:23:07.484841Z", "level": "INFO", "node": "QuorumPeer[myid=2]/1", "component": "org.apache.zookeeper.server.quorum.QuorumCnxManager$SendWorker", "id": "130", "message": "Processing client request of type exists", "event_id": "E99", "template": "Ephemeral node created at path /app/node1 <*>"}
{"timestamp": "2015-07-29T18:25:22.519161Z", "level": "WARN", "node": "QuorumPeer[myid=2]/1", "component": "org.apache.zookeeper.server.quorum.QuorumCnxManager$SendWorker", "id": "281", "message": "Proposed zxid not increasing", "event_id": "E83", "template": "Fsync delay detected <*>"}
{"timestamp": "2015-07-29T18:26:11.399415Z", "level": "WARN", "node": "SendWorker", "component": "org.apache.zookeeper.server.quorum.QuorumCnxManager$RecvWorker", "id": "530", "message": "Leader ping timeout", "event_id": "E40", "template": "Slow response from leader <*>"}
{"timestamp": "2015-07-29T18:28:04.947361Z", "level": "WARN", "node": "QuorumPeer[myid=2]/1", "component": "org.apache.zookeeper.server.quorum.LearnerHandler", "id": "568", "message": "Slow response from leader", "event_id": "E34", "template": "Proposed zxid not increasing <*>"}
{"timestamp": "2015-07-29T18:28:11.832670Z", "level": "INFO", "node": "RecvWorker", "component": "org.apache.zookeeper.server.quorum.QuorumCnxManager$RecvWorker", "id": "579", "message": "New session created with session ID 0x0a1b2c", "event_id": "E2", "template": "Connection established to ZooKeeper server <*>"}
{"timestamp": "2015-07-29T18:28:37.005858Z", "level": "INFO", "node": "SendWorker", "component": "org.apache.zookeeper.server.quorum.QuorumCnxManager$RecvWorker", "id": "798", "message": "New session created with session ID 0x0a1b2c", "event_id": "E41", "template": "Committed transaction proposal <*>"}
{"timestamp": "2015-07-29T18:30:57.304772Z", "level": "INFO", "node": "QuorumPeer[myid=1]/0", "component": "org.apache.zookeeper.server.quorum.QuorumCnxManager$RecvWorker", "id": "324", "message": "Leader accepted connection from follower", "event_id": "E52", "template": "Initialized data tree <*>"}
{"timestamp": "2015-07-29T18:32:25.725821Z", "level": "WARN", "node": "SendWorker", "component": "org.apache.zookeeper.server.quorum.QuorumCnxManager$SendWorker", "id": "658", "message": "Fsync delay detected", "event_id": "E35", "template": "Connection to 192.168.1.11 refused, retrying <*>"}
{"timestamp": "2015-07-29T18:32:49.002899Z", "level": "WARN", "node": "RecvWorker", "component": "org.apache.zookeeper.server.quorum.QuorumCnxManager$RecvWorker", "id": "714", "message": "Proposed zxid not increasing", "event_id": "E58", "template": "Proposed zxid not increasing <*>"}
{"timestamp": "2015-07-29T18:34:58.585497Z", "level": "WARN", "node": "QuorumPeer[myid=1]/0", "component": "org.apache.zookeeper.server.quorum.QuorumCnxManager$SendWorker", "id": "522", "message": "Session 0x1a2b3c nearing expiration", "event_id": "E13", "template": "Slow response from leader <*>"}
{"timestamp": "2015-07-29T18:35:21.678259Z", "level": "WARN", "node": "SendWorker", "component": "org.apache.zookeeper.server.quorum.LearnerHandler", "id": "582", "message": "Auth failure for client 192.168.1.10", "event_id": "E11", "template": "Session 0x1a2b3c nearing expiration <*>"}
{"timestamp": "2015-07-29T18:35:24.343107Z", "level": "WARN", "node": "QuorumPeer[myid=2]/1", "component": "org.apache.zookeeper.server.quorum.QuorumCnxManager$RecvWorker", "id": "482", "message": "Leader ping timeout", "event_id": "E61", "template": "Leader ping timeout <*>"}
{"timestamp": "2015-07-29T18:38:09.219535Z", "level": "WARN", "node": "RecvWorker", "component": "org.apache.zookeeper.server.quorum.QuorumCnxManager$RecvWorker", "id": "690", "message": "Client request queue depth high", "event_id": "E83", "template": "Too many outstanding requests <*>"}
{"timestamp": "2015-07-29T18:38:52.834678Z", "level": "INFO", "node": "QuorumPeer[myid=2]/1", "component": "org.apache.zookeeper.server.quorum.LearnerHandler", "id": "646", "message": "New session created with session ID 0x0a1b2c", "event_id": "E4", "template": "Follower starting handshake with leader <*>"}
{"timestamp": "2015-07-29T18:40:05.208373Z", "level": "INFO", "node": "QuorumPeer[myid=1]/0", "component": "org.apache.zookeeper.server.quorum.QuorumCnxManager$RecvWorker", "id": "954", "message": "Follower starting handshake with leader", "event_id": "E23", "template": "Ephemeral node created at path /app/node1 <*>"}
{"timestamp": "2015-07-29T18:40:17.846297Z", "level": "INFO", "node": "RecvWorker", "component": "org.apache.zookeeper.server.quorum.QuorumCnxManager$RecvWorker", "id": "843", "message": "Ephemeral node created at path /app/node1", "event_id": "E41", "template": "Committed transaction proposal <*>"}
{"timestamp": "2015-07-29T18:40:48.172905Z", "level": "INFO", "node": "RecvWorker", "component": "org.apache.zookeeper.server.quorum.QuorumCnxManager$RecvWorker", "id": "149", "message": "Initialized data tree", "event_id": "E37", "template": "Watch set on path /app/config <*>"}
{"timestamp": "2015-07-29T18:42:02.039959Z", "level": "INFO", "node": "SendWorker", "component": "org.apache.zookeeper.server.quorum.QuorumCnxManager$RecvWorker", "id": "489", "message": "Connection established to ZooKeeper server", "event_id": "E45", "template": "Syncing data with leader <*>"}
{"timestamp": "2015-07-29T18:43:05.667986Z", "level": "INFO", "node": "SendWorker", "component": "org.apache.zookeeper.server.quorum.LearnerHandler", "id": "637", "message": "Syncing data with leader", "event_id": "E81", "template": "Follower starting handshake with leader <*>"}
{"timestamp": "2015-07-29T18:44:03.130721Z", "level": "INFO", "node": "QuorumPeer[myid=1]/0", "component": "org.apache.zookeeper.server.quorum.LearnerHandler", "id": "997", "message": "Ephemeral node created at path /app/node1", "event_id": "E21", "template": "Ephemeral node created at path /app/node1 <*>"}
{"timestamp": "2015-07-29T18:45:13.800144Z", "level": "WARN", "node": "QuorumPeer[myid=1]/0", "component": "org.apache.zookeeper.server.quorum.LearnerHandler", "id": "890", "message": "Session 0x1a2b3c nearing expiration", "event_id": "E36", "template": "Exceeded watch count limit <*>"}
{"timestamp": "2015-07-29T18:45:35.371201Z", "level": "INFO", "node": "RecvWorker", "component": "org.apache.zookeeper.server.quorum.QuorumCnxManager$RecvWorker", "id": "210", "message": "Connection established to ZooKeeper server", "event_id": "E94", "template": "Syncing data with leader <*>"}
{"timestamp": "2015-07-29T18:45:39.846276Z", "level": "INFO", "node": "SendWorker", "component": "org.apache.zookeeper.server.quorum.QuorumCnxManager$SendWorker", "id": "429", "message": "Connection established to ZooKeeper server", "event_id": "E68", "template": "Follower starting handshake with leader <*>"}
{"timestamp": "2015-07-29T18:46:37.221819Z", "level": "ERROR", "node": "QuorumPeer[myid=1]/0", "component": "org.apache.zookeeper.server.quorum.QuorumCnxManager$SendWorker", "id": "983", "message": "Connection reset by peer", "event_id": "E68", "template": "ZooKeeper database write failed <*>"}
{"timestamp": "2015-07-29T18:46:44.495973Z", "level": "INFO", "node": "QuorumPeer[myid=2]/1", "component": "org.apache.zookeeper.server.quorum.LearnerHandler", "id": "105", "message": "New session created with session ID 0x0a1b2c", "event_id": "E17", "template": "Syncing data with leader <*>"}
{"timestamp": "2015-07-29T18:47:15.993653Z", "level": "WARN", "node": "RecvWorker", "component": "org.apache.zookeeper.server.quorum.QuorumCnxManager$SendWorker", "id": "668", "message": "Connection to 192.168.1.11 refused, retrying", "event_id": "E17", "template": "Slow response from leader <*>"}
{"timestamp": "2015-07-29T18:47:22.874163Z", "level": "INFO", "node": "QuorumPeer[myid=2]/1", "component": "org.apache.zookeeper.server.quorum.QuorumCnxManager$RecvWorker", "id": "414", "message": "Follower starting handshake with leader", "event_id": "E63", "template": "Follower starting handshake with leader <*>"}
{"timestamp": "2015-07-29T18:48:11.627412Z", "level": "WARN", "node": "QuorumPeer[myid=1]/0", "component": "org.apache.zookeeper.server.quorum.QuorumCnxManager$SendWorker", "id": "402", "message": "Slow response from leader", "event_id": "E73", "template": "Slow response from leader <*>"}
{"timestamp": "2015-07-29T18:49:16.674228Z", "level": "WARN", "node": "QuorumPeer[myid=1]/0", "component": "org.apache.zookeeper.server.quorum.LearnerHandler", "id": "180", "message": "Client request queue depth high", "event_id": "E60", "template": "Auth failure for client 192.168.1.10 <*>"}
{"timestamp": "2015-07-29T18:49:17.316002Z", "level": "WARN", "node": "QuorumPeer[myid=2]/1", "component": "org.apache.zookeeper.server.quorum.QuorumCnxManager$SendWorker", "id": "615", "message": "Session 0x1a2b3c nearing expiration", "event_id": "E66", "template": "Exceeded watch count limit <*>"}
{"timestamp": "2015-07-29T18:49:42.757873Z", "level": "INFO", "node": "SendWorker", "component": "org.apache.zookeeper.server.quorum.LearnerHandler", "id": "227", "message": "Syncing data with leader", "event_id": "E34", "template": "Committed transaction proposal <*>"}
{"timestamp": "2015-07-29T18:50:15.079205Z", "level": "WARN", "node": "SendWorker", "component": "org.apache.zookeeper.server.quorum.LearnerHandler", "id": "225", "message": "Too many outstanding requests", "event_id": "E10", "template": "Auth failure for client 192.168.1.10 <*>"}
{"timestamp": "2015-07-29T18:50:46.820738Z", "level": "INFO", "node": "SendWorker", "component": "org.apache.zookeeper.server.quorum.LearnerHandler", "id": "459", "message": "Ephemeral node created at path /app/node1", "event_id": "E71", "template": "Watch set on path /app/config <*>"}
{"timestamp": "2015-07-29T18:50:50.148955Z", "level": "CRITICAL", "node": "QuorumPeer[myid=1]/0", "component": "org.apache.zookeeper.server.quorum.QuorumCnxManager$RecvWorker", "id": "328", "message": "ZooKeeper service unavailable", "event_id": "E43", "template": "Leader election failed to reach quorum <*>"}
{"timestamp": "2015-07-29T18:52:07.069279Z", "level": "WARN", "node": "QuorumPeer[myid=1]/0", "component": "org.apache.zookeeper.server.quorum.QuorumCnxManager$RecvWorker", "id": "167", "message": "Slow response from leader", "event_id": "E98", "template": "Slow response from leader <*>"}
{"timestamp": "2015-07-29T18:52:15.754885Z", "level": "WARN", "node": "QuorumPeer[myid=2]/1", "component": "org.apache.zookeeper.server.quorum.QuorumCnxManager$RecvWorker", "id": "753", "message": "Auth failure for client 192.168.1.10", "event_id": "E18", "template": "Too many outstanding requests <*>"}
{"timestamp": "2015-07-29T18:53:33.011994Z", "level": "WARN", "node": "RecvWorker", "component": "org.apache.zookeeper.server.quorum.LearnerHandler", "id": "145", "message": "Too many outstanding requests", "event_id": "E10", "template": "Proposed zxid not increasing <*>"}
{"timestamp": "2015-07-29T18:53:37.469156Z", "level": "INFO", "node": "QuorumPeer[myid=2]/1", "component": "org.apache.zookeeper.server.quorum.QuorumCnxManager$SendWorker", "id": "943", "message": "Leader accepted connection from follower", "event_id": "E71", "template": "Syncing data with leader <*>"}
{"timestamp": "2015-07-29T18:53:47.611293Z", "level": "ERROR", "node": "QuorumPeer[myid=1]/0", "component": "org.apache.zookeeper.server.quorum.QuorumCnxManager$RecvWorker", "id": "219", "message": "Connection reset by peer", "event_id": "E46", "template": "Socket exception on port 2181 <*>"}
{"timestamp": "2015-07-29T18:53:48.087764Z", "level": "INFO", "node": "QuorumPeer[myid=2]/1", "component": "org.apache.zookeeper.server.quorum.QuorumCnxManager$SendWorker", "id": "356", "message": "Processing client request of type exists", "event_id": "E49", "template": "Connection established to ZooKeeper server <*>"}
{"timestamp": "2015-07-29T18:56:12.556959Z", "level": "WARN", "node": "QuorumPeer[myid=1]/0", "component": "org.apache.zookeeper.server.quorum.LearnerHandler", "id": "432", "message": "Fsync delay detected", "event_id": "E65", "template": "Client request queue depth high <*>"}
{"timestamp": "2015-07-29T18:57:20.392413Z", "level": "INFO", "node": "QuorumPeer[myid=1]/0", "component": "org.apache.zookeeper.server.quorum.QuorumCnxManager$SendWorker", "id": "113", "message": "Initialized data tree", "event_id": "E50", "template": "Initialized data tree <*>"}
{"timestamp": "2015-07-29T18:58:59.584712Z", "level": "ERROR", "node": "QuorumPeer[myid=2]/1", "component": "org.apache.zookeeper.server.quorum.QuorumCnxManager$SendWorker", "id": "381", "message": "Session expired for client 0x2b3c4d", "event_id": "E23", "template": "Failed to write snapshot to disk <*>"}
{"timestamp": "2015-07-29T18:59:10.539285Z", "level": "CRITICAL", "node": "QuorumPeer[myid=1]/0", "component": "org.apache.zookeeper.server.quorum.LearnerHandler", "id": "446", "message": "No quorum of peers available", "event_id": "E20", "template": "Leader election failed to reach quorum <*>"}
{"timestamp": "2015-07-29T19:00:02.387281Z", "level": "WARN", "node": "RecvWorker", "component": "org.apache.zookeeper.server.quorum.LearnerHandler", "id": "919", "message": "Proposed zxid not increasing", "event_id": "E72", "template": "Leader ping timeout <*>"}
{"timestamp": "2015-07-29T19:00:10.866036Z", "level": "WARN", "node": "QuorumPeer[myid=2]/1", "component": "org.apache.zookeeper.server.quorum.LearnerHandler", "id": "884", "message": "Slow response from leader", "event_id": "E10", "template": "Auth failure for client 192.168.1.10 <*>"}
{"timestamp": "2015-07-29T19:03:01.509194Z", "level": "WARN", "node": "QuorumPeer[myid=2]/1", "component": "org.apache.zookeeper.server.quorum.QuorumCnxManager$SendWorker", "id": "852", "message": "Too many outstanding requests", "event_id": "E94", "template": "Too many outstanding requests <*>"}
{"timestamp": "2015-07-29T19:03:34.805416Z", "level": "WARN", "node": "RecvWorker", "component": "org.apache.zookeeper.server.quorum.QuorumCnxManager$SendWorker", "id": "504", "message": "Connection to 192.168.1.11 refused, retrying", "event_id": "E71", "template": "Exceeded watch count limit <*>"}
{"timestamp": "2015-07-29T19:04:22.728507Z", "level": "INFO", "node": "QuorumPeer[myid=2]/1", "component": "org.apache.zookeeper.server.quorum.QuorumCnxManager$SendWorker", "id": "343", "message": "Follower starting handshake with leader", "event_id": "E61", "template": "New session created with session ID 0x0a1b2c <*>"}
{"timestamp": "2015-07-29T19:05:08.140680Z", "level": "WARN", "node": "RecvWorker", "component": "org.apache.zookeeper.server.quorum.LearnerHandler", "id": "101", "message": "Session 0x1a2b3c nearing expiration", "event_id": "E71", "template": "Client request queue depth high <*>"}
{"timestamp": "2015-07-29T19:05:49.946516Z", "level": "ERROR", "node": "QuorumPeer[myid=1]/0", "component": "org.apache.zookeeper.server.quorum.QuorumCnxManager$SendWorker", "id": "859", "message": "Socket exception on port 2181", "event_id": "E72", "template": "Client request timed out <*>"}
{"timestamp": "2015-07-29T19:06:40.221685Z", "level": "INFO", "node": "QuorumPeer[myid=2]/1", "component": "org.apache.zookeeper.server.quorum.LearnerHandler", "id": "800", "message": "Processing client request of type exists", "event_id": "E18", "template": "Follower starting handshake with leader <*>"}
{"timestamp": "2015-07-29T19:07:40.820801Z", "level": "ERROR", "node": "RecvWorker", "component": "org.apache.zookeeper.server.quorum.QuorumCnxManager$RecvWorker", "id": "960", "message": "Unexpected exception in LeaderElection: NullPointerException", "event_id": "E85", "template": "KeeperErrorCode = SESSIONEXPIRED <*>"}
{"timestamp": "2015-07-29T19:07:57.101449Z", "level": "INFO", "node": "QuorumPeer[myid=1]/0", "component": "org.apache.zookeeper.server.quorum.QuorumCnxManager$SendWorker", "id": "574", "message": "Committed transaction proposal", "event_id": "E63", "template": "Syncing data with leader <*>"}
{"timestamp": "2015-07-29T19:08:06.616688Z", "level": "INFO", "node": "QuorumPeer[myid=1]/0", "component": "org.apache.zookeeper.server.quorum.LearnerHandler", "id": "168", "message": "New session created with session ID 0x0a1b2c", "event_id": "E60", "template": "New session created with session ID 0x0a1b2c <*>"}
{"timestamp": "2015-07-29T19:09:30.323306Z", "level": "INFO", "node": "QuorumPeer[myid=2]/1", "component": "org.apache.zookeeper.server.quorum.QuorumCnxManager$RecvWorker", "id": "771", "message": "Syncing data with leader", "event_id": "E10", "template": "New session created with session ID 0x0a1b2c <*>"}
{"timestamp": "2015-07-29T19:10:16.747523Z", "level": "INFO", "node": "SendWorker", "component": "org.apache.zookeeper.server.quorum.LearnerHandler", "id": "507", "message": "Follower starting handshake with leader", "event_id": "E21", "template": "Processing client request of type exists <*>"}
{"timestamp": "2025-07-12T15:00:00.000Z", "level": "ERROR", "node": "X1", "component": "auth", "event_id": "E01", "message": "Erreur critique", "template": ""}
{"timestamp": "2025-07-12T15:00:10.000Z", "level": "ERROR", "node": "X2", "component": "auth", "event_id": "E02", "message": "Erreur critique", "template": ""}
{"timestamp": "2025-07-12T15:00:15.000Z", "level": "CRITICAL", "node": "X3", "component": "auth", "event_id": "E03", "message": "Erreur critique", "template": ""}
